
--- 🔄 INICIANDO SYNC COMPLETA (15:44:30) ---

📡 Conectando al biométrico en 10.100.12.249:4370...

--- 🔄 INICIANDO SYNC COMPLETA (15:45:51) ---

📡 Conectando al biométrico en 10.100.12.249:4370...
✅ Datos obtenidos: 349 usuarios, 99475 marcajes.
✨ Sincronización con Base de Datos completada.
🔌 Desconectado del biométrico.

--- 🔄 INICIANDO SYNC COMPLETA (15:50:46) ---

📡 Conectando al biométrico en 10.100.12.249:4370...

--- 🔄 INICIANDO SYNC COMPLETA (15:51:22) ---

📡 Conectando al biométrico en 10.100.12.249:4370...

--- 🔄 INICIANDO SYNC COMPLETA (15:52:04) ---

📡 Conectando al biométrico en 10.100.12.249:4370...

--- 🔄 INICIANDO SYNC COMPLETA (17:12:54) ---

📡 Conectando al biométrico en 10.100.12.249:4370...
❌ Error durante el proceso: can't reach device (ping 10.100.12.249)

--- 🔄 INICIANDO SYNC COMPLETA (17:16:20) ---

📡 Conectando al biométrico en 10.100.12.249:4370...
❌ Error durante el proceso: can't reach device (ping 10.100.12.249)

--- 🔄 INICIANDO SYNC COMPLETA (17:16:54) ---

📡 Conectando al biométrico en 10.100.12.249:4370...

--- 🔄 INICIANDO SYNC COMPLETA (17:17:03) ---

📡 Conectando al biométrico en 10.100.12.249:4370...
✅ Datos obtenidos: 349 usuarios, 99628 marcajes.
✨ Sincronización con Base de Datos completada.
🔌 Desconectado del biométrico.

--- 🔄 INICIANDO SYNC COMPLETA (13:01:28) ---

📡 Conectando al biométrico en 10.100.12.249:4370...

--- 🔄 INICIANDO SYNC COMPLETA (13:02:13) ---

📡 Conectando al biométrico en 10.100.12.249:4370...
✅ Datos obtenidos: 351 usuarios, 99996 marcajes.
✨ Auto-creando usuario: Cariana 16106069 (ID: 16106069)
✨ Auto-creando usuario: Cariana 15106069 (ID: 15106069)
✨ Sincronización con Base de Datos completada.
🔌 Desconectado del biométrico.

--- 🔄 INICIANDO SYNC COMPLETA (14:00:00) ---

📡 Conectando al biométrico en 10.100.12.249:4370...
✅ Datos obtenidos: 351 usuarios, 99003 marcajes.
✨ Sincronización con Base de Datos completada.
🔌 Desconectado del biométrico.

--- 🔄 INICIANDO SYNC COMPLETA (14:11:24) ---

📡 Conectando al biométrico en 10.100.12.249:4370...

--- 🔄 INICIANDO SYNC COMPLETA (14:12:59) ---

📡 Conectando al biométrico en 10.100.12.249:4370...
✅ Datos obtenidos: 351 usuarios, 99004 marcajes.
✨ Sincronización con Base de Datos completada.
🔌 Desconectado del biométrico.

--- 🔄 INICIANDO SYNC COMPLETA (18:22:44) ---

📡 Conectando al biométrico en 10.100.2.157:4370...
✅ Datos obtenidos: 351 usuarios, 18 marcajes.
✨ Sincronización con Base de Datos completada.
🔌 Desconectado del biométrico.

--- 🔄 INICIANDO SYNC COMPLETA (18:24:50) ---

📡 Conectando al biométrico en 10.100.12.249:4370...

--- 🔄 INICIANDO SYNC COMPLETA (18:25:26) ---

📡 Conectando al biométrico en 10.100.12.249:4370...

--- 🔄 INICIANDO SYNC COMPLETA (18:26:33) ---

📡 Conectando al biométrico en 10.100.12.249:4370...
✅ Datos obtenidos: 351 usuarios, 99231 marcajes.
✨ Sincronización con Base de Datos completada.
🔌 Desconectado del biométrico.

--- 🔄 INICIANDO SYNC COMPLETA (19:00:00) ---

📡 Conectando al biométrico en 10.100.12.249:4370...
✅ Datos obtenidos: 351 usuarios, 99237 marcajes.
✨ Sincronización con Base de Datos completada.
🔌 Desconectado del biométrico.

--- 🔄 INICIANDO SYNC COMPLETA (20:00:00) ---

📡 Conectando al biométrico en 10.100.12.249:4370...
✅ Datos obtenidos: 351 usuarios, 99240 marcajes.
✨ Sincronización con Base de Datos completada.
🔌 Desconectado del biométrico.

--- 🔄 INICIANDO SYNC COMPLETA (21:00:00) ---

📡 Conectando al biométrico en 10.100.12.249:4370...
✅ Datos obtenidos: 351 usuarios, 99243 marcajes.
✨ Sincronización con Base de Datos completada.
🔌 Desconectado del biométrico.

--- 🔄 INICIANDO SYNC COMPLETA (22:00:00) ---

📡 Conectando al biométrico en 10.100.12.249:4370...
✅ Datos obtenidos: 351 usuarios, 99243 marcajes.
✨ Sincronización con Base de Datos completada.
🔌 Desconectado del biométrico.

--- 🔄 INICIANDO SYNC COMPLETA (23:00:00) ---

📡 Conectando al biométrico en 10.100.12.249:4370...
✅ Datos obtenidos: 351 usuarios, 99243 marcajes.
✨ Sincronización con Base de Datos completada.
🔌 Desconectado del biométrico.

--- 🔄 INICIANDO SYNC COMPLETA (00:00:00) ---

📡 Conectando al biométrico en 10.100.12.249:4370...
✅ Datos obtenidos: 351 usuarios, 99243 marcajes.
✨ Sincronización con Base de Datos completada.
🔌 Desconectado del biométrico.

--- 🔄 INICIANDO SYNC COMPLETA (01:00:00) ---

📡 Conectando al biométrico en 10.100.12.249:4370...
✅ Datos obtenidos: 351 usuarios, 99243 marcajes.
✨ Sincronización con Base de Datos completada.
🔌 Desconectado del biométrico.

--- 🔄 INICIANDO SYNC COMPLETA (02:00:00) ---

📡 Conectando al biométrico en 10.100.12.249:4370...
✅ Datos obtenidos: 351 usuarios, 99243 marcajes.
✨ Sincronización con Base de Datos completada.
🔌 Desconectado del biométrico.

--- 🔄 INICIANDO SYNC COMPLETA (03:00:00) ---

📡 Conectando al biométrico en 10.100.12.249:4370...
✅ Datos obtenidos: 351 usuarios, 99243 marcajes.
✨ Sincronización con Base de Datos completada.
🔌 Desconectado del biométrico.

--- 🔄 INICIANDO SYNC COMPLETA (04:00:01) ---

📡 Conectando al biométrico en 10.100.12.249:4370...
✅ Datos obtenidos: 351 usuarios, 99243 marcajes.
✨ Sincronización con Base de Datos completada.
🔌 Desconectado del biométrico.

--- 🔄 INICIANDO SYNC COMPLETA (05:00:00) ---

📡 Conectando al biométrico en 10.100.12.249:4370...
✅ Datos obtenidos: 351 usuarios, 99243 marcajes.
✨ Sincronización con Base de Datos completada.
🔌 Desconectado del biométrico.

--- 🔄 INICIANDO SYNC COMPLETA (06:00:00) ---

📡 Conectando al biométrico en 10.100.12.249:4370...
✅ Datos obtenidos: 351 usuarios, 99243 marcajes.
✨ Sincronización con Base de Datos completada.
🔌 Desconectado del biométrico.

--- 🔄 INICIANDO SYNC COMPLETA (07:00:00) ---

📡 Conectando al biométrico en 10.100.12.249:4370...
✅ Datos obtenidos: 351 usuarios, 99255 marcajes.
✨ Sincronización con Base de Datos completada.
🔌 Desconectado del biométrico.

--- 🔄 INICIANDO SYNC COMPLETA (08:00:00) ---

📡 Conectando al biométrico en 10.100.12.249:4370...
✅ Datos obtenidos: 351 usuarios, 99323 marcajes.
✨ Sincronización con Base de Datos completada.
🔌 Desconectado del biométrico.

--- 🔄 INICIANDO SYNC COMPLETA (09:00:00) ---

📡 Conectando al biométrico en 10.100.12.249:4370...
✅ Datos obtenidos: 351 usuarios, 99463 marcajes.
✨ Sincronización con Base de Datos completada.
🔌 Desconectado del biométrico.

--- 🔄 INICIANDO SYNC COMPLETA (10:00:00) ---

📡 Conectando al biométrico en 10.100.12.249:4370...
✅ Datos obtenidos: 351 usuarios, 99496 marcajes.
✨ Sincronización con Base de Datos completada.
🔌 Desconectado del biométrico.

--- 🔄 INICIANDO SYNC COMPLETA (11:00:00) ---

📡 Conectando al biométrico en 10.100.12.249:4370...
✅ Datos obtenidos: 351 usuarios, 99504 marcajes.
✨ Sincronización con Base de Datos completada.
🔌 Desconectado del biométrico.

--- 🔄 INICIANDO SYNC COMPLETA (12:00:00) ---

📡 Conectando al biométrico en 10.100.12.249:4370...
✅ Datos obtenidos: 351 usuarios, 99507 marcajes.
✨ Sincronización con Base de Datos completada.
🔌 Desconectado del biométrico.

--- 🔄 INICIANDO SYNC COMPLETA (13:00:00) ---

📡 Conectando al biométrico en 10.100.12.249:4370...
✅ Datos obtenidos: 351 usuarios, 99512 marcajes.
✨ Sincronización con Base de Datos completada.
🔌 Desconectado del biométrico.

--- 🔄 INICIANDO SYNC COMPLETA (14:00:00) ---

📡 Conectando al biométrico en 10.100.12.249:4370...
✅ Datos obtenidos: 351 usuarios, 99518 marcajes.
✨ Sincronización con Base de Datos completada.
🔌 Desconectado del biométrico.

--- 🔄 INICIANDO SYNC COMPLETA (15:00:00) ---

📡 Conectando al biométrico en 10.100.12.249:4370...
✅ Datos obtenidos: 351 usuarios, 99522 marcajes.
✨ Sincronización con Base de Datos completada.
🔌 Desconectado del biométrico.

--- 🔄 INICIANDO SYNC COMPLETA (16:00:00) ---

📡 Conectando al biométrico en 10.100.12.249:4370...
✅ Datos obtenidos: 351 usuarios, 99533 marcajes.
✨ Sincronización con Base de Datos completada.
🔌 Desconectado del biométrico.

--- 🔄 INICIANDO SYNC COMPLETA (17:00:00) ---

📡 Conectando al biométrico en 10.100.12.249:4370...
✅ Datos obtenidos: 351 usuarios, 99700 marcajes.
✨ Sincronización con Base de Datos completada.
🔌 Desconectado del biométrico.

--- 🔄 INICIANDO SYNC COMPLETA (18:00:00) ---

📡 Conectando al biométrico en 10.100.12.249:4370...
✅ Datos obtenidos: 351 usuarios, 99731 marcajes.
✨ Sincronización con Base de Datos completada.
🔌 Desconectado del biométrico.

--- 🔄 INICIANDO SYNC COMPLETA (19:00:00) ---

📡 Conectando al biométrico en 10.100.12.249:4370...
✅ Datos obtenidos: 351 usuarios, 99743 marcajes.
✨ Sincronización con Base de Datos completada.
🔌 Desconectado del biométrico.

--- 🔄 INICIANDO SYNC COMPLETA (20:00:00) ---

📡 Conectando al biométrico en 10.100.12.249:4370...
✅ Datos obtenidos: 351 usuarios, 99751 marcajes.
✨ Sincronización con Base de Datos completada.
🔌 Desconectado del biométrico.

--- 🔄 INICIANDO SYNC COMPLETA (21:00:00) ---

📡 Conectando al biométrico en 10.100.12.249:4370...
✅ Datos obtenidos: 351 usuarios, 99755 marcajes.
✨ Sincronización con Base de Datos completada.
🔌 Desconectado del biométrico.

--- 🔄 INICIANDO SYNC COMPLETA (22:00:00) ---

📡 Conectando al biométrico en 10.100.12.249:4370...
✅ Datos obtenidos: 351 usuarios, 99755 marcajes.
✨ Sincronización con Base de Datos completada.
🔌 Desconectado del biométrico.

--- 🔄 INICIANDO SYNC COMPLETA (23:00:00) ---

📡 Conectando al biométrico en 10.100.12.249:4370...
✅ Datos obtenidos: 351 usuarios, 99755 marcajes.
✨ Sincronización con Base de Datos completada.
🔌 Desconectado del biométrico.

--- 🔄 INICIANDO SYNC COMPLETA (00:00:00) ---

📡 Conectando al biométrico en 10.100.12.249:4370...
✅ Datos obtenidos: 351 usuarios, 99755 marcajes.
✨ Sincronización con Base de Datos completada.
🔌 Desconectado del biométrico.

--- 🔄 INICIANDO SYNC COMPLETA (01:00:00) ---

📡 Conectando al biométrico en 10.100.12.249:4370...
✅ Datos obtenidos: 351 usuarios, 99755 marcajes.
✨ Sincronización con Base de Datos completada.
🔌 Desconectado del biométrico.

--- 🔄 INICIANDO SYNC COMPLETA (02:00:00) ---

📡 Conectando al biométrico en 10.100.12.249:4370...
✅ Datos obtenidos: 351 usuarios, 99755 marcajes.
✨ Sincronización con Base de Datos completada.
🔌 Desconectado del biométrico.

--- 🔄 INICIANDO SYNC COMPLETA (03:00:00) ---

📡 Conectando al biométrico en 10.100.12.249:4370...
✅ Datos obtenidos: 351 usuarios, 99755 marcajes.
✨ Sincronización con Base de Datos completada.
🔌 Desconectado del biométrico.

--- 🔄 INICIANDO SYNC COMPLETA (04:00:00) ---

📡 Conectando al biométrico en 10.100.12.249:4370...
✅ Datos obtenidos: 351 usuarios, 99755 marcajes.
✨ Sincronización con Base de Datos completada.
🔌 Desconectado del biométrico.

--- 🔄 INICIANDO SYNC COMPLETA (05:00:00) ---

📡 Conectando al biométrico en 10.100.12.249:4370...
✅ Datos obtenidos: 351 usuarios, 99755 marcajes.
✨ Sincronización con Base de Datos completada.
🔌 Desconectado del biométrico.

--- 🔄 INICIANDO SYNC COMPLETA (06:00:00) ---

📡 Conectando al biométrico en 10.100.12.249:4370...
✅ Datos obtenidos: 351 usuarios, 99755 marcajes.
✨ Sincronización con Base de Datos completada.
🔌 Desconectado del biométrico.

--- 🔄 INICIANDO SYNC COMPLETA (07:00:00) ---

📡 Conectando al biométrico en 10.100.12.249:4370...
✅ Datos obtenidos: 351 usuarios, 99767 marcajes.
✨ Sincronización con Base de Datos completada.
🔌 Desconectado del biométrico.

--- 🔄 INICIANDO SYNC COMPLETA (08:00:00) ---

📡 Conectando al biométrico en 10.100.12.249:4370...
✅ Datos obtenidos: 351 usuarios, 99827 marcajes.
✨ Sincronización con Base de Datos completada.
🔌 Desconectado del biométrico.

--- 🔄 INICIANDO SYNC COMPLETA (09:00:00) ---

📡 Conectando al biométrico en 10.100.12.249:4370...
✅ Datos obtenidos: 351 usuarios, 99953 marcajes.
✨ Sincronización con Base de Datos completada.
🔌 Desconectado del biométrico.

--- 🔄 INICIANDO SYNC COMPLETA (10:00:00) ---

📡 Conectando al biométrico en 10.100.12.249:4370...
❌ Error durante el proceso: can't reach device (ping 10.100.12.249)

--- 🔄 INICIANDO SYNC COMPLETA (11:00:00) ---

📡 Conectando al biométrico en 10.100.12.249:4370...
✅ Datos obtenidos: 351 usuarios, 99997 marcajes.
✨ Sincronización con Base de Datos completada.
🔌 Desconectado del biométrico.

--- 🔄 INICIANDO SYNC COMPLETA (12:00:00) ---

📡 Conectando al biométrico en 10.100.12.249:4370...
❌ Error durante el proceso: [WinError 10054] Se ha forzado la interrupción de una conexión existente por el host remoto

--- 🔄 INICIANDO SYNC COMPLETA (13:00:01) ---

📡 Conectando al biométrico en 10.100.12.249:4370...
✅ Datos obtenidos: 351 usuarios, 99013 marcajes.
✨ Sincronización con Base de Datos completada.
🔌 Desconectado del biométrico.

--- 🔄 INICIANDO SYNC COMPLETA (14:00:00) ---

📡 Conectando al biométrico en 10.100.12.249:4370...
✅ Datos obtenidos: 351 usuarios, 99018 marcajes.
✨ Sincronización con Base de Datos completada.
🔌 Desconectado del biométrico.

--- 🔄 INICIANDO SYNC COMPLETA (15:00:00) ---

📡 Conectando al biométrico en 10.100.12.249:4370...
✅ Datos obtenidos: 351 usuarios, 99020 marcajes.
✨ Sincronización con Base de Datos completada.
🔌 Desconectado del biométrico.

--- 🔄 INICIANDO SYNC COMPLETA (16:00:00) ---

📡 Conectando al biométrico en 10.100.12.249:4370...
✅ Datos obtenidos: 351 usuarios, 99032 marcajes.
✨ Sincronización con Base de Datos completada.
🔌 Desconectado del biométrico.
